[2022-03-03 00:00:42] [info] - Registering commands
[2022-03-03 00:00:43] [info] - Bot is ready!
[2022-03-03 00:02:00] [info] - Registering commands
[2022-03-03 00:02:00] [info] - Bot is ready!
[2022-03-03 08:55:48] [info] - Registering commands
[2022-03-03 08:55:49] [info] - Bot is ready!
[2022-03-03 08:55:55] [prisma] - Starting a mysql pool with 17 connections.
[2022-03-03 08:57:36] [info] - Registering commands
[2022-03-03 08:57:37] [info] - Bot is ready!
[2022-03-03 08:57:40] [prisma] - Starting a mysql pool with 17 connections.
[2022-03-03 08:59:54] [info] - Registering commands
[2022-03-03 08:59:54] [info] - Bot is ready!
[2022-03-03 08:59:56] [prisma] - Starting a mysql pool with 17 connections.
[2022-03-03 09:01:10] [info] - Registering commands
[2022-03-03 09:01:11] [info] - Bot is ready!
[2022-03-03 09:01:16] [prisma] - Starting a mysql pool with 17 connections.
[2022-03-03 09:05:46] [info] - Registering commands
[2022-03-03 09:05:47] [info] - Bot is ready!
[2022-03-03 09:06:41] [prisma] - Starting a mysql pool with 17 connections.
[2022-03-03 09:10:18] [info] - Registering commands
[2022-03-03 09:10:19] [info] - Bot is ready!
[2022-03-03 09:10:33] [info] - Registering commands
[2022-03-03 09:10:33] [info] - Bot is ready!
[2022-03-03 09:10:41] [info] - Registering commands
[2022-03-03 09:10:42] [info] - Bot is ready!
[2022-03-03 09:15:02] [info] - Registering commands
[2022-03-03 09:15:03] [info] - Bot is ready!
[2022-03-03 09:15:20] [info] - Registering commands
[2022-03-03 09:15:21] [info] - Bot is ready!
[2022-03-03 09:15:33] [prisma] - Starting a mysql pool with 17 connections.
[2022-03-03 09:15:46] [info] - Registering commands
[2022-03-03 09:15:47] [info] - Bot is ready!
[2022-03-03 09:16:00] [info] - Registering commands
[2022-03-03 09:16:01] [info] - Bot is ready!
[2022-03-03 09:16:04] [prisma] - Starting a mysql pool with 17 connections.
[2022-03-03 09:19:36] [info] - Registering commands
[2022-03-03 09:19:37] [info] - Bot is ready!
[2022-03-03 09:19:38] [prisma] - Starting a mysql pool with 17 connections.
[2022-03-03 09:19:47] [info] - Registering commands
[2022-03-03 09:19:48] [info] - Bot is ready!
[2022-03-03 09:19:49] [prisma] - Starting a mysql pool with 17 connections.
[2022-03-03 09:20:27] [info] - Registering commands
[2022-03-03 09:20:28] [info] - Bot is ready!
[2022-03-03 09:23:50] [info] - Registering commands
[2022-03-03 09:23:50] [info] - Bot is ready!
[2022-03-03 09:24:01] [info] - Registering commands
[2022-03-03 09:24:02] [info] - Bot is ready!
[2022-03-03 09:24:09] [prisma] - Starting a mysql pool with 17 connections.
[2022-03-03 09:24:57] [info] - Registering commands
[2022-03-03 09:24:57] [info] - Bot is ready!
[2022-03-03 09:25:02] [prisma] - Starting a mysql pool with 17 connections.
[2022-03-03 09:25:28] [info] - Registering commands
[2022-03-03 09:25:29] [info] - Bot is ready!
[2022-03-03 09:25:36] [prisma] - Starting a mysql pool with 17 connections.
[2022-03-03 09:25:57] [info] - Registering commands
[2022-03-03 09:25:57] [info] - Bot is ready!
[2022-03-03 09:26:04] [prisma] - Starting a mysql pool with 17 connections.
[2022-03-03 09:26:59] [info] - Registering commands
[2022-03-03 09:27:00] [info] - Bot is ready!
[2022-03-03 09:27:23] [info] - Registering commands
[2022-03-03 09:27:24] [info] - Bot is ready!
[2022-03-03 09:27:25] [prisma] - Starting a mysql pool with 17 connections.
[2022-03-03 09:28:07] [info] - Registering commands
[2022-03-03 09:28:08] [info] - Bot is ready!
[2022-03-03 09:28:16] [info] - Registering commands
[2022-03-03 09:28:17] [info] - Bot is ready!
[2022-03-03 09:28:19] [prisma] - Starting a mysql pool with 17 connections.
[2022-03-03 09:28:57] [info] - Registering commands
[2022-03-03 09:28:57] [info] - Bot is ready!
[2022-03-03 09:29:18] [info] - Registering commands
[2022-03-03 09:29:19] [info] - Bot is ready!
[2022-03-03 09:29:22] [prisma] - Starting a mysql pool with 17 connections.
[2022-03-03 09:29:43] [info] - Registering commands
[2022-03-03 09:29:43] [info] - Bot is ready!
[2022-03-03 09:29:52] [info] - Registering commands
[2022-03-03 09:29:53] [info] - Bot is ready!
[2022-03-03 09:30:07] [info] - Registering commands
[2022-03-03 09:30:08] [info] - Bot is ready!
[2022-03-03 09:33:20] [info] - Registering commands
[2022-03-03 09:33:20] [info] - Bot is ready!
[2022-03-03 10:00:02] [info] - Registering commands
[2022-03-03 10:00:02] [info] - Bot is ready!
[2022-03-03 10:00:25] [info] - Registering commands
[2022-03-03 10:00:26] [info] - Bot is ready!
[2022-03-03 10:00:37] [info] - Registering commands
[2022-03-03 10:00:37] [info] - Bot is ready!
[2022-03-03 10:00:42] [prisma] - Starting a mysql pool with 17 connections.
[2022-03-03 10:02:15] [info] - Registering commands
[2022-03-03 10:02:16] [info] - Bot is ready!
[2022-03-03 10:02:20] [prisma] - Starting a mysql pool with 17 connections.
[2022-03-03 10:02:38] [info] - Registering commands
[2022-03-03 10:02:39] [info] - Bot is ready!
[2022-03-03 10:02:40] [prisma] - Starting a mysql pool with 17 connections.
[2022-03-03 10:02:57] [info] - Registering commands
[2022-03-03 10:02:58] [info] - Bot is ready!
[2022-03-03 10:03:00] [prisma] - Starting a mysql pool with 17 connections.
[2022-03-03 10:03:21] [info] - Registering commands
[2022-03-03 10:03:22] [info] - Bot is ready!
[2022-03-03 10:03:23] [prisma] - Starting a mysql pool with 17 connections.
[2022-03-03 10:03:55] [info] - Registering commands
[2022-03-03 10:03:55] [info] - Bot is ready!
[2022-03-03 10:03:57] [prisma] - Starting a mysql pool with 17 connections.
[2022-03-03 10:04:40] [info] - Registering commands
[2022-03-03 10:04:41] [info] - Bot is ready!
[2022-03-03 10:04:42] [prisma] - Starting a mysql pool with 17 connections.
[2022-03-03 10:11:02] [info] - Registering commands
[2022-03-03 10:11:03] [info] - Bot is ready!
[2022-03-03 10:12:14] [info] - Registering commands
[2022-03-03 10:12:14] [info] - Bot is ready!
[2022-03-03 10:12:30] [info] - Registering commands
[2022-03-03 10:12:31] [info] - Bot is ready!
[2022-03-03 10:12:43] [info] - Registering commands
[2022-03-03 10:12:43] [info] - Bot is ready!
[2022-03-03 10:15:29] [info] - Registering commands
[2022-03-03 10:15:29] [info] - Bot is ready!
[2022-03-03 10:16:03] [prisma] - Starting a mysql pool with 17 connections.
[2022-03-03 10:17:43] [info] - Registering commands
[2022-03-03 10:17:44] [info] - Bot is ready!
[2022-03-03 10:18:46] [info] - Registering commands
[2022-03-03 10:18:47] [info] - Bot is ready!
[2022-03-03 10:18:56] [info] - Registering commands
[2022-03-03 10:18:57] [info] - Bot is ready!
[2022-03-03 10:19:17] [info] - Registering commands
[2022-03-03 10:19:17] [info] - Bot is ready!
[2022-03-03 10:20:24] [info] - Registering commands
[2022-03-03 10:20:25] [info] - Bot is ready!
[2022-03-03 10:20:50] [info] - Registering commands
[2022-03-03 10:20:51] [info] - Bot is ready!
[2022-03-03 10:21:07] [info] - Registering commands
[2022-03-03 10:21:08] [info] - Bot is ready!
[2022-03-03 10:21:13] [info] - Registering commands
[2022-03-03 10:21:13] [info] - Bot is ready!
[2022-03-03 10:21:23] [info] - Registering commands
[2022-03-03 10:21:23] [info] - Bot is ready!
[2022-03-03 10:21:55] [info] - Registering commands
[2022-03-03 10:21:56] [info] - Bot is ready!
[2022-03-03 10:22:00] [info] - Registering commands
[2022-03-03 10:22:01] [info] - Bot is ready!
[2022-03-03 10:23:11] [info] - Registering commands
[2022-03-03 10:23:12] [info] - Bot is ready!
[2022-03-03 10:24:48] [info] - Registering commands
[2022-03-03 10:24:49] [info] - Bot is ready!
[2022-03-03 10:35:21] [info] - Registering commands
[2022-03-03 10:35:22] [info] - Bot is ready!
[2022-03-03 10:35:30] [prisma] - Starting a mysql pool with 17 connections.
[2022-03-03 10:36:29] [info] - Registering commands
[2022-03-03 10:36:30] [info] - Bot is ready!
[2022-03-03 10:36:47] [info] - Registering commands
[2022-03-03 10:36:47] [info] - Bot is ready!
[2022-03-03 10:36:51] [info] - Registering commands
[2022-03-03 10:36:58] [info] - Bot is ready!
[2022-03-03 10:37:04] [info] - Registering commands
[2022-03-03 10:37:04] [info] - Bot is ready!
[2022-03-03 10:37:56] [info] - Registering commands
[2022-03-03 10:37:57] [info] - Bot is ready!
[2022-03-03 10:38:01] [prisma] - Starting a mysql pool with 17 connections.
[2022-03-03 10:39:00] [info] - Registering commands
[2022-03-03 10:39:01] [info] - Bot is ready!
[2022-03-03 10:39:21] [info] - Registering commands
[2022-03-03 10:39:22] [info] - Bot is ready!
[2022-03-03 10:40:01] [info] - Registering commands
[2022-03-03 10:40:01] [info] - Bot is ready!
[2022-03-03 10:40:13] [info] - Registering commands
[2022-03-03 10:40:14] [info] - Bot is ready!
[2022-03-03 10:40:25] [info] - Registering commands
[2022-03-03 10:40:26] [info] - Bot is ready!
[2022-03-03 10:40:51] [info] - Registering commands
[2022-03-03 10:40:52] [info] - Bot is ready!
[2022-03-03 10:41:00] [prisma] - Starting a mysql pool with 17 connections.
[2022-03-03 10:41:40] [info] - Registering commands
[2022-03-03 10:41:40] [info] - Bot is ready!
[2022-03-03 10:42:19] [info] - Registering commands
[2022-03-03 10:42:20] [info] - Bot is ready!
[2022-03-03 10:42:45] [info] - Registering commands
[2022-03-03 10:42:46] [info] - Bot is ready!
[2022-03-03 10:43:05] [info] - Registering commands
[2022-03-03 10:43:06] [info] - Bot is ready!
[2022-03-03 10:43:16] [info] - Registering commands
[2022-03-03 10:43:17] [info] - Bot is ready!
[2022-03-03 10:43:25] [info] - Registering commands
[2022-03-03 10:43:25] [info] - Bot is ready!
[2022-03-03 10:43:37] [info] - Registering commands
[2022-03-03 10:43:37] [info] - Bot is ready!
[2022-03-03 10:43:41] [prisma] - Starting a mysql pool with 17 connections.
[2022-03-03 10:44:02] [info] - Registering commands
[2022-03-03 10:44:02] [info] - Bot is ready!
[2022-03-03 10:44:06] [prisma] - Starting a mysql pool with 17 connections.
[2022-03-03 10:44:26] [info] - Registering commands
[2022-03-03 10:44:26] [info] - Bot is ready!
[2022-03-03 10:44:29] [prisma] - Starting a mysql pool with 17 connections.
[2022-03-03 10:44:47] [info] - Registering commands
[2022-03-03 10:44:48] [info] - Bot is ready!
[2022-03-03 10:45:28] [info] - Registering commands
[2022-03-03 10:45:29] [info] - Bot is ready!
[2022-03-03 10:45:33] [prisma] - Starting a mysql pool with 17 connections.
[2022-03-03 10:45:46] [info] - Registering commands
[2022-03-03 10:45:47] [info] - Bot is ready!
[2022-03-03 10:45:48] [prisma] - Starting a mysql pool with 17 connections.
[2022-03-03 10:46:12] [info] - Registering commands
[2022-03-03 10:46:13] [info] - Bot is ready!
[2022-03-03 10:46:30] [info] - Registering commands
[2022-03-03 10:46:31] [info] - Bot is ready!
[2022-03-03 10:51:40] [info] - Registering commands
[2022-03-03 10:51:41] [info] - Bot is ready!
[2022-03-03 10:51:43] [prisma] - Starting a mysql pool with 17 connections.
[2022-03-03 10:54:09] [info] - Registering commands
[2022-03-03 10:54:10] [info] - Bot is ready!
[2022-03-03 10:54:13] [prisma] - Starting a mysql pool with 17 connections.
[2022-03-03 10:55:02] [info] - Registering commands
[2022-03-03 10:55:02] [info] - Bot is ready!
[2022-03-03 10:55:05] [prisma] - Starting a mysql pool with 17 connections.
[2022-03-03 10:56:14] [info] - Registering commands
[2022-03-03 10:56:15] [info] - Bot is ready!
[2022-03-03 10:56:45] [info] - Registering commands
[2022-03-03 10:56:46] [info] - Bot is ready!
[2022-03-03 10:56:49] [prisma] - Starting a mysql pool with 17 connections.
[2022-03-03 10:57:14] [info] - Registering commands
[2022-03-03 10:57:15] [info] - Bot is ready!
[2022-03-03 11:00:23] [info] - Registering commands
[2022-03-03 11:00:25] [info] - Bot is ready!
[2022-03-03 11:00:42] [info] - Registering commands
[2022-03-03 11:00:43] [info] - Bot is ready!
[2022-03-03 11:00:49] [info] - Registering commands
[2022-03-03 11:00:50] [info] - Bot is ready!
[2022-03-03 11:00:58] [info] - Registering commands
[2022-03-03 11:00:58] [info] - Bot is ready!
[2022-03-03 11:04:00] [info] - Registering commands
[2022-03-03 11:04:00] [info] - Bot is ready!
[2022-03-03 11:11:16] [info] - Registering commands
[2022-03-03 11:11:20] [info] - Registering commands
[2022-03-03 11:11:29] [info] - Registering commands
[2022-03-03 11:11:30] [info] - Bot is ready!
[2022-03-03 11:11:38] [info] - Registering commands
[2022-03-03 11:11:39] [info] - Bot is ready!
[2022-03-03 11:12:17] [info] - Registering commands
[2022-03-03 11:12:17] [info] - Bot is ready!
[2022-03-03 11:12:29] [info] - Registering commands
[2022-03-03 11:12:29] [info] - Bot is ready!
[2022-03-03 11:13:38] [info] - Registering commands
[2022-03-03 11:13:39] [info] - Bot is ready!
[2022-03-03 11:14:00] [info] - Registering commands
[2022-03-03 11:14:01] [info] - Bot is ready!
[2022-03-03 11:14:55] [info] - Registering commands
[2022-03-03 11:14:55] [info] - Bot is ready!
[2022-03-03 11:15:00] [prisma] - Starting a mysql pool with 17 connections.
[2022-03-03 11:16:59] [info] - Registering commands
[2022-03-03 11:17:00] [info] - Bot is ready!
[2022-03-03 11:17:09] [info] - Registering commands
[2022-03-03 11:17:10] [info] - Bot is ready!
[2022-03-03 11:17:20] [info] - Registering commands
[2022-03-03 11:17:21] [info] - Bot is ready!
[2022-03-03 11:17:32] [info] - Registering commands
[2022-03-03 11:17:33] [info] - Bot is ready!
[2022-03-03 11:17:40] [info] - Registering commands
[2022-03-03 11:17:40] [info] - Bot is ready!
[2022-03-03 11:17:46] [prisma] - Starting a mysql pool with 17 connections.
[2022-03-03 11:19:32] [info] - Registering commands
[2022-03-03 11:19:33] [info] - Bot is ready!
[2022-03-03 11:20:10] [info] - Registering commands
[2022-03-03 11:20:11] [info] - Bot is ready!
[2022-03-03 11:20:43] [info] - Registering commands
[2022-03-03 11:20:43] [info] - Bot is ready!
[2022-03-03 11:20:50] [info] - Registering commands
[2022-03-03 11:20:50] [info] - Bot is ready!
[2022-03-03 11:21:06] [info] - Registering commands
[2022-03-03 11:21:06] [info] - Bot is ready!
[2022-03-03 11:21:29] [info] - Registering commands
[2022-03-03 11:21:30] [info] - Bot is ready!
[2022-03-03 11:22:46] [info] - Registering commands
[2022-03-03 11:22:46] [info] - Bot is ready!
[2022-03-03 11:22:59] [info] - Registering commands
[2022-03-03 11:23:00] [info] - Bot is ready!
[2022-03-03 11:23:04] [info] - Registering commands
[2022-03-03 11:23:10] [info] - Bot is ready!
[2022-03-03 11:23:20] [info] - Registering commands
[2022-03-03 11:23:21] [info] - Bot is ready!
[2022-03-03 11:23:31] [info] - Registering commands
[2022-03-03 11:23:32] [info] - Bot is ready!
[2022-03-03 11:33:54] [info] - Registering commands
[2022-03-03 11:33:55] [info] - Bot is ready!
[2022-03-03 11:34:12] [info] - Registering commands
[2022-03-03 11:34:13] [info] - Bot is ready!
[2022-03-03 11:37:40] [info] - Registering commands
[2022-03-03 11:37:41] [info] - Bot is ready!
[2022-03-03 11:38:39] [info] - Registering commands
[2022-03-03 11:38:40] [info] - Bot is ready!
[2022-03-03 11:39:26] [info] - Registering commands
[2022-03-03 11:39:27] [info] - Bot is ready!
[2022-03-03 11:39:36] [info] - Registering commands
[2022-03-03 11:39:37] [info] - Bot is ready!
[2022-03-03 11:40:07] [info] - Registering commands
[2022-03-03 11:40:08] [info] - Bot is ready!
[2022-03-03 11:41:00] [info] - Registering commands
[2022-03-03 11:41:01] [info] - Bot is ready!
[2022-03-03 11:41:10] [info] - Registering commands
[2022-03-03 11:41:10] [info] - Bot is ready!
[2022-03-03 11:41:30] [info] - Registering commands
[2022-03-03 11:41:30] [info] - Bot is ready!
[2022-03-03 11:43:23] [info] - Registering commands
[2022-03-03 11:43:24] [info] - Bot is ready!
[2022-03-03 11:43:31] [info] - Registering commands
[2022-03-03 11:43:31] [info] - Bot is ready!
[2022-03-03 11:43:56] [info] - Registering commands
[2022-03-03 11:43:57] [info] - Bot is ready!
[2022-03-03 11:43:59] [prisma] - Starting a mysql pool with 17 connections.
[2022-03-03 11:44:16] [info] - Registering commands
[2022-03-03 11:44:17] [info] - Bot is ready!
[2022-03-03 11:44:18] [prisma] - Starting a mysql pool with 17 connections.
[2022-03-03 11:45:59] [info] - Registering commands
[2022-03-03 11:46:00] [info] - Bot is ready!
[2022-03-03 11:46:34] [info] - Registering commands
[2022-03-03 11:46:35] [info] - Bot is ready!
[2022-03-03 11:47:42] [info] - Registering commands
[2022-03-03 11:47:42] [info] - Bot is ready!
[2022-03-03 11:47:46] [prisma] - Starting a mysql pool with 17 connections.
[2022-03-03 11:48:06] [info] - Registering commands
[2022-03-03 11:48:08] [info] - Bot is ready!
[2022-03-03 11:48:10] [prisma] - Starting a mysql pool with 17 connections.
[2022-03-03 11:48:10] [info] - Punishing user
[2022-03-03 11:48:22] [info] - Registering commands
[2022-03-03 11:48:22] [info] - Bot is ready!
[2022-03-03 11:48:50] [info] - Registering commands
[2022-03-03 11:48:51] [info] - Bot is ready!
[2022-03-03 11:48:58] [info] - Registering commands
[2022-03-03 11:48:59] [info] - Bot is ready!
[2022-03-03 11:49:39] [info] - Registering commands
[2022-03-03 11:49:40] [info] - Bot is ready!
[2022-03-03 11:49:56] [info] - Registering commands
[2022-03-03 11:49:57] [info] - Bot is ready!
[2022-03-03 11:50:17] [info] - Registering commands
[2022-03-03 11:50:18] [info] - Bot is ready!
[2022-03-03 11:50:28] [info] - Registering commands
[2022-03-03 11:50:29] [info] - Bot is ready!
[2022-03-03 11:50:43] [info] - Registering commands
[2022-03-03 11:50:44] [info] - Bot is ready!
[2022-03-03 11:51:13] [info] - Registering commands
[2022-03-03 11:51:14] [info] - Bot is ready!
[2022-03-03 11:51:28] [info] - Registering commands
[2022-03-03 11:51:29] [info] - Bot is ready!
[2022-03-03 11:51:41] [info] - Registering commands
[2022-03-03 11:51:41] [info] - Bot is ready!
[2022-03-03 11:52:06] [prisma] - Starting a mysql pool with 17 connections.
[2022-03-03 11:52:46] [info] - Registering commands
[2022-03-03 11:52:47] [info] - Bot is ready!
[2022-03-03 11:52:49] [prisma] - Starting a mysql pool with 17 connections.
[2022-03-03 11:53:16] [info] - Registering commands
[2022-03-03 11:53:17] [info] - Bot is ready!
[2022-03-03 11:54:42] [info] - Registering commands
[2022-03-03 11:54:43] [info] - Bot is ready!
[2022-03-03 11:55:03] [info] - Registering commands
[2022-03-03 11:55:07] [info] - Registering commands
[2022-03-03 11:55:08] [info] - Bot is ready!
[2022-03-03 11:55:12] [info] - Registering commands
[2022-03-03 11:55:13] [info] - Bot is ready!
[2022-03-03 11:55:30] [info] - Registering commands
[2022-03-03 11:55:31] [info] - Bot is ready!
[2022-03-03 11:56:53] [info] - Registering commands
[2022-03-03 11:56:53] [info] - Bot is ready!
[2022-03-03 11:57:24] [info] - Registering commands
[2022-03-03 11:57:24] [info] - Bot is ready!
[2022-03-03 11:59:11] [info] - Registering commands
[2022-03-03 11:59:12] [info] - Bot is ready!
[2022-03-03 12:00:56] [info] - Registering commands
[2022-03-03 12:00:57] [info] - Bot is ready!
[2022-03-03 12:01:11] [info] - Registering commands
[2022-03-03 12:03:55] [info] - Registering commands
[2022-03-03 12:03:55] [info] - Bot is ready!
[2022-03-03 12:03:57] [prisma] - Starting a mysql pool with 17 connections.
[2022-03-03 12:26:23] [info] - Registering commands
[2022-03-03 12:26:23] [info] - Bot is ready!
[2022-03-03 12:26:26] [prisma] - Starting a mysql pool with 17 connections.
[2022-03-03 12:26:58] [info] - Registering commands
[2022-03-03 12:26:59] [info] - Bot is ready!
[2022-03-03 12:28:16] [info] - Registering commands
[2022-03-03 12:28:17] [info] - Bot is ready!
[2022-03-03 12:28:52] [info] - Registering commands
[2022-03-03 12:28:53] [info] - Bot is ready!
[2022-03-03 12:39:47] [info] - Registering commands
[2022-03-03 12:39:48] [info] - Bot is ready!
[2022-03-03 12:39:54] [info] - Registering commands
[2022-03-03 12:39:55] [info] - Bot is ready!
[2022-03-03 12:39:56] [prisma] - Starting a mysql pool with 17 connections.
[2022-03-03 12:40:44] [info] - Registering commands
[2022-03-03 12:40:44] [info] - Bot is ready!
[2022-03-03 12:40:46] [prisma] - Starting a mysql pool with 17 connections.
[2022-03-03 12:41:00] [info] - Registering commands
[2022-03-03 12:41:00] [info] - Bot is ready!
[2022-03-03 12:41:02] [prisma] - Starting a mysql pool with 17 connections.
[2022-03-03 12:42:49] [info] - Registering commands
[2022-03-03 12:42:49] [info] - Bot is ready!
[2022-03-03 12:42:54] [prisma] - Starting a mysql pool with 17 connections.
[2022-03-03 12:43:05] [info] - Registering commands
[2022-03-03 12:43:09] [info] - Registering commands
[2022-03-03 12:43:10] [info] - Bot is ready!
[2022-03-03 12:43:11] [prisma] - Starting a mysql pool with 17 connections.
[2022-03-03 12:44:26] [info] - Registering commands
[2022-03-03 12:44:27] [info] - Bot is ready!
[2022-03-03 12:44:28] [prisma] - Starting a mysql pool with 17 connections.
[2022-03-03 12:46:01] [info] - Registering commands
[2022-03-03 12:46:02] [info] - Bot is ready!
[2022-03-03 12:46:03] [prisma] - Starting a mysql pool with 17 connections.
[2022-03-03 12:46:19] [info] - Registering commands
[2022-03-03 12:46:20] [info] - Bot is ready!
[2022-03-03 12:46:22] [prisma] - Starting a mysql pool with 17 connections.
[2022-03-03 12:46:52] [info] - Registering commands
[2022-03-03 12:46:52] [info] - Bot is ready!
[2022-03-03 12:46:53] [prisma] - Starting a mysql pool with 17 connections.
[2022-03-03 12:48:22] [info] - Registering commands
[2022-03-03 12:48:22] [info] - Bot is ready!
[2022-03-03 12:48:33] [info] - Registering commands
[2022-03-03 12:48:35] [info] - Bot is ready!
[2022-03-03 12:48:36] [prisma] - Starting a mysql pool with 17 connections.
[2022-03-03 12:49:07] [info] - Registering commands
[2022-03-03 12:49:07] [info] - Bot is ready!
[2022-03-03 12:49:09] [prisma] - Starting a mysql pool with 17 connections.
[2022-03-03 12:49:23] [info] - Registering commands
[2022-03-03 12:49:24] [info] - Bot is ready!
[2022-03-03 12:59:33] [info] - Registering commands
[2022-03-03 12:59:33] [info] - Bot is ready!
[2022-03-03 12:59:36] [prisma] - Starting a mysql pool with 17 connections.
[2022-03-03 13:00:17] [debug] - Launched shard 0
[2022-03-03 13:00:18] [info] - Registering commands
[2022-03-03 13:00:19] [info] - Bot is ready!
[2022-03-03 13:12:41] [info] - Registering commands
[2022-03-03 13:12:42] [info] - Bot is ready!
[2022-03-03 13:13:13] [info] - Registering commands
[2022-03-03 13:13:13] [info] - Bot is ready!
[2022-03-03 13:13:24] [prisma] - Starting a mysql pool with 17 connections.
[2022-03-03 13:13:52] [info] - Registering commands
[2022-03-03 13:13:53] [info] - Bot is ready!
[2022-03-03 13:14:01] [info] - Registering commands
[2022-03-03 13:14:02] [info] - Bot is ready!
[2022-03-03 13:14:09] [info] - Registering commands
[2022-03-03 13:14:09] [info] - Bot is ready!
[2022-03-03 13:14:16] [info] - Registering commands
[2022-03-03 13:14:16] [info] - Bot is ready!
[2022-03-03 13:14:26] [info] - Registering commands
[2022-03-03 13:15:22] [info] - Registering commands
[2022-03-03 13:15:22] [info] - Bot is ready!
[2022-03-03 13:15:30] [prisma] - Starting a mysql pool with 17 connections.
[2022-03-03 13:16:14] [info] - Registering commands
[2022-03-03 13:16:15] [info] - Bot is ready!
[2022-03-03 13:17:24] [info] - Registering commands
[2022-03-03 13:17:25] [info] - Bot is ready!
[2022-03-03 13:17:39] [info] - Registering commands
[2022-03-03 13:17:40] [info] - Bot is ready!
[2022-03-03 13:34:13] [info] - Registering commands
[2022-03-03 13:34:14] [info] - Bot is ready!
[2022-03-03 13:34:17] [prisma] - Starting a mysql pool with 17 connections.
[2022-03-03 13:34:47] [info] - Registering commands
[2022-03-03 13:34:48] [info] - Bot is ready!
[2022-03-03 13:34:58] [info] - Registering commands
[2022-03-03 13:34:59] [info] - Bot is ready!
[2022-03-03 13:35:40] [info] - Registering commands
[2022-03-03 13:35:41] [info] - Bot is ready!
[2022-03-03 13:36:10] [info] - Registering commands
[2022-03-03 13:36:10] [info] - Bot is ready!
[2022-03-03 13:36:46] [info] - Registering commands
[2022-03-03 13:36:47] [info] - Bot is ready!
[2022-03-03 13:36:56] [prisma] - Starting a mysql pool with 17 connections.
[2022-03-03 13:37:14] [info] - Registering commands
[2022-03-03 13:37:14] [info] - Bot is ready!
[2022-03-03 13:37:58] [info] - Registering commands
[2022-03-03 13:37:58] [info] - Bot is ready!
[2022-03-03 13:38:13] [info] - Registering commands
[2022-03-03 13:38:13] [info] - Bot is ready!
[2022-03-03 13:38:18] [prisma] - Starting a mysql pool with 17 connections.
[2022-03-03 13:38:42] [info] - Registering commands
[2022-03-03 13:38:43] [info] - Bot is ready!
[2022-03-03 13:38:57] [info] - Registering commands
[2022-03-03 13:38:57] [info] - Bot is ready!
[2022-03-03 13:39:05] [info] - Registering commands
[2022-03-03 13:39:06] [info] - Bot is ready!
[2022-03-03 13:39:11] [info] - Registering commands
[2022-03-03 13:39:12] [info] - Bot is ready!
[2022-03-03 13:39:24] [info] - Registering commands
[2022-03-03 13:39:25] [info] - Bot is ready!
[2022-03-03 13:39:31] [info] - Registering commands
[2022-03-03 13:39:32] [info] - Bot is ready!
[2022-03-03 13:39:43] [info] - Registering commands
[2022-03-03 13:39:44] [info] - Bot is ready!
[2022-03-03 13:39:52] [info] - Registering commands
[2022-03-03 13:39:52] [info] - Bot is ready!
[2022-03-03 13:42:15] [info] - Registering commands
[2022-03-03 13:42:16] [info] - Bot is ready!
[2022-03-03 16:48:49] [info] - Registering commands
[2022-03-03 16:48:50] [info] - Bot is ready!
[2022-03-03 16:49:47] [info] - Registering commands
[2022-03-03 16:49:48] [info] - Bot is ready!
[2022-03-03 16:50:10] [info] - Registering commands
[2022-03-03 16:50:11] [info] - Bot is ready!
[2022-03-03 16:50:17] [prisma] - Starting a mysql pool with 17 connections.
[2022-03-03 16:50:50] [info] - Registering commands
[2022-03-03 16:50:51] [info] - Bot is ready!
[2022-03-03 16:50:53] [prisma] - Starting a mysql pool with 17 connections.
[2022-03-03 16:51:27] [info] - Registering commands
[2022-03-03 16:51:28] [info] - Bot is ready!
[2022-03-03 16:51:28] [prisma] - Starting a mysql pool with 17 connections.
[2022-03-03 16:52:35] [info] - Registering commands
[2022-03-03 16:52:36] [info] - Bot is ready!
[2022-03-03 16:52:38] [prisma] - Starting a mysql pool with 17 connections.
[2022-03-03 16:54:01] [info] - Registering commands
[2022-03-03 16:54:02] [info] - Bot is ready!
[2022-03-03 16:54:11] [info] - Registering commands
[2022-03-03 16:54:12] [info] - Bot is ready!
[2022-03-03 16:54:13] [prisma] - Starting a mysql pool with 17 connections.
[2022-03-03 16:54:13] [prisma] - Query - BEGIN
[2022-03-03 16:54:13] [prisma] - Params - []
[2022-03-03 16:54:13] [prisma] - Query took 0ms
[2022-03-03 16:54:13] [prisma] - 
[2022-03-03 16:54:13] [prisma] - Query - SELECT `vvarden`.`guild`.`id` FROM `vvarden`.`guild` WHERE `vvarden`.`guild`.`id` = ?
[2022-03-03 16:54:13] [prisma] - Params - ["948638136282546246"]
[2022-03-03 16:54:13] [prisma] - Query took 0ms
[2022-03-03 16:54:13] [prisma] - 
[2022-03-03 16:54:13] [prisma] - Query - UPDATE `vvarden`.`guild` SET `punown` = ?, `updatedAt` = ? WHERE `vvarden`.`guild`.`id` IN (?)
[2022-03-03 16:54:13] [prisma] - Params - ["BAN",2022-03-03 16:54:13.776114 UTC,"948638136282546246"]
[2022-03-03 16:54:13] [prisma] - Query took 0ms
[2022-03-03 16:54:13] [prisma] - 
[2022-03-03 16:54:13] [prisma] - Query - SELECT `vvarden`.`guild`.`id`, `vvarden`.`guild`.`name`, `vvarden`.`guild`.`logchan`, `vvarden`.`guild`.`punown`, `vvarden`.`guild`.`punsupp`, `vvarden`.`guild`.`punleak`, `vvarden`.`guild`.`puncheat`, `vvarden`.`guild`.`createdAt`, `vvarden`.`guild`.`updatedAt` FROM `vvarden`.`guild` WHERE `vvarden`.`guild`.`id` = ? LIMIT ? OFFSET ?
[2022-03-03 16:54:13] [prisma] - Params - ["948638136282546246",1,0]
[2022-03-03 16:54:13] [prisma] - Query took 0ms
[2022-03-03 16:54:13] [prisma] - 
[2022-03-03 16:54:13] [prisma] - Query - COMMIT
[2022-03-03 16:54:13] [prisma] - Params - []
[2022-03-03 16:54:13] [prisma] - Query took 0ms
[2022-03-03 16:54:13] [prisma] - 
[2022-03-03 16:54:32] [info] - Registering commands
[2022-03-03 16:54:32] [info] - Bot is ready!
[2022-03-03 16:55:00] [info] - Registering commands
[2022-03-03 16:55:00] [info] - Bot is ready!
[2022-03-03 16:55:03] [prisma] - Starting a mysql pool with 17 connections.
[2022-03-03 16:55:03] [prisma] - Query - BEGIN
[2022-03-03 16:55:03] [prisma] - Params - []
[2022-03-03 16:55:03] [prisma] - Query took 0ms
[2022-03-03 16:55:03] [prisma] - --------------------------
[2022-03-03 16:55:03] [prisma] - Query - SELECT `guild`.`id` FROM `vvarden`.`guild` WHERE `vvarden`.`guild`.`id` = ?
[2022-03-03 16:55:03] [prisma] - Params - ["948638136282546246"]
[2022-03-03 16:55:03] [prisma] - Query took 0ms
[2022-03-03 16:55:03] [prisma] - --------------------------
[2022-03-03 16:55:03] [prisma] - Query - UPDATE `guild` SET `punown` = ?, `updatedAt` = ? WHERE `vvarden`.`guild`.`id` IN (?)
[2022-03-03 16:55:03] [prisma] - Params - ["KICK",2022-03-03 16:55:03.230699900 UTC,"948638136282546246"]
[2022-03-03 16:55:03] [prisma] - Query took 0ms
[2022-03-03 16:55:03] [prisma] - --------------------------
[2022-03-03 16:55:03] [prisma] - Query - SELECT `guild`.`id`, `vvarden`.`guild`.`name`, `vvarden`.`guild`.`logchan`, `vvarden`.`guild`.`punown`, `vvarden`.`guild`.`punsupp`, `vvarden`.`guild`.`punleak`, `vvarden`.`guild`.`puncheat`, `vvarden`.`guild`.`createdAt`, `vvarden`.`guild`.`updatedAt` FROM `vvarden`.`guild` WHERE `vvarden`.`guild`.`id` = ? LIMIT ? OFFSET ?
[2022-03-03 16:55:03] [prisma] - Params - ["948638136282546246",1,0]
[2022-03-03 16:55:03] [prisma] - Query took 0ms
[2022-03-03 16:55:03] [prisma] - --------------------------
[2022-03-03 16:55:03] [prisma] - Query - COMMIT
[2022-03-03 16:55:03] [prisma] - Params - []
[2022-03-03 16:55:03] [prisma] - Query took 7ms
[2022-03-03 16:55:03] [prisma] - --------------------------
[2022-03-03 16:55:15] [info] - Registering commands
[2022-03-03 16:55:15] [info] - Bot is ready!
[2022-03-03 16:55:20] [prisma] - Starting a mysql pool with 17 connections.
[2022-03-03 16:55:20] [prisma] - Query - BEGIN
[2022-03-03 16:55:20] [prisma] - Params - []
[2022-03-03 16:55:20] [prisma] - Query took 0ms
[2022-03-03 16:55:20] [prisma] - --------------------------
[2022-03-03 16:55:20] [prisma] - Query - SELECT `guild`.`id` FROM `guild` WHERE `guild`.`id` = ?
[2022-03-03 16:55:20] [prisma] - Params - ["948638136282546246"]
[2022-03-03 16:55:20] [prisma] - Query took 0ms
[2022-03-03 16:55:20] [prisma] - --------------------------
[2022-03-03 16:55:20] [prisma] - Query - UPDATE `guild` SET `punown` = ?, `updatedAt` = ? WHERE `guild`.`id` IN (?)
[2022-03-03 16:55:20] [prisma] - Params - ["KICK",2022-03-03 16:55:20.635446800 UTC,"948638136282546246"]
[2022-03-03 16:55:20] [prisma] - Query took 0ms
[2022-03-03 16:55:20] [prisma] - --------------------------
[2022-03-03 16:55:20] [prisma] - Query - SELECT `guild`.`id`, `guild`.`name`, `guild`.`logchan`, `guild`.`punown`, `guild`.`punsupp`, `guild`.`punleak`, `guild`.`puncheat`, `guild`.`createdAt`, `guild`.`updatedAt` FROM `guild` WHERE `guild`.`id` = ? LIMIT ? OFFSET ?
[2022-03-03 16:55:20] [prisma] - Params - ["948638136282546246",1,0]
[2022-03-03 16:55:20] [prisma] - Query took 0ms
[2022-03-03 16:55:20] [prisma] - --------------------------
[2022-03-03 16:55:20] [prisma] - Query - COMMIT
[2022-03-03 16:55:20] [prisma] - Params - []
[2022-03-03 16:55:20] [prisma] - Query took 5ms
[2022-03-03 16:55:20] [prisma] - --------------------------
[2022-03-03 16:56:48] [info] - Registering commands
[2022-03-03 16:56:49] [info] - Bot is ready!
[2022-03-03 16:59:00] [info] - Registering commands
[2022-03-03 16:59:00] [info] - Bot is ready!
[2022-03-03 17:00:54] [info] - Registering commands
[2022-03-03 17:00:55] [info] - Bot is ready!
[2022-03-03 17:00:56] [prisma] - Starting a mysql pool with 17 connections.
[2022-03-03 17:00:56] [prisma] - Query - BEGIN
[2022-03-03 17:00:56] [prisma] - Params - []
[2022-03-03 17:00:56] [prisma] - Query took 0ms
[2022-03-03 17:00:56] [prisma] - --------------------------
[2022-03-03 17:00:56] [prisma] - Query - SELECT `guild`.`id` FROM `guild` WHERE `guild`.`id` = ?
[2022-03-03 17:00:56] [prisma] - Params - ["948638136282546246"]
[2022-03-03 17:00:56] [prisma] - Query took 0ms
[2022-03-03 17:00:56] [prisma] - --------------------------
[2022-03-03 17:00:56] [prisma] - Query - UPDATE `guild` SET `punown` = ?, `updatedAt` = ? WHERE `guild`.`id` IN (?)
[2022-03-03 17:00:56] [prisma] - Params - ["BAN",2022-03-03 17:00:56.849233600 UTC,"948638136282546246"]
[2022-03-03 17:00:56] [prisma] - Query took 0ms
[2022-03-03 17:00:56] [prisma] - --------------------------
[2022-03-03 17:00:56] [prisma] - Query - SELECT `guild`.`id`, `guild`.`name`, `guild`.`logchan`, `guild`.`punown`, `guild`.`punsupp`, `guild`.`punleak`, `guild`.`puncheat`, `guild`.`createdAt`, `guild`.`updatedAt` FROM `guild` WHERE `guild`.`id` = ? LIMIT ? OFFSET ?
[2022-03-03 17:00:56] [prisma] - Params - ["948638136282546246",1,0]
[2022-03-03 17:00:56] [prisma] - Query took 0ms
[2022-03-03 17:00:56] [prisma] - --------------------------
[2022-03-03 17:00:56] [prisma] - Query - COMMIT
[2022-03-03 17:00:56] [prisma] - Params - []
[2022-03-03 17:00:56] [prisma] - Query took 0ms
[2022-03-03 17:00:56] [prisma] - --------------------------
[2022-03-03 17:02:09] [info] - Registering commands
[2022-03-03 17:02:10] [info] - Bot is ready!
[2022-03-03 17:02:24] [prisma] - Starting a mysql pool with 17 connections.
[2022-03-03 17:02:24] [prisma] - Query - SELECT `guild`.`id`, `guild`.`name`, `guild`.`logchan`, `guild`.`punown`, `guild`.`punsupp`, `guild`.`punleak`, `guild`.`puncheat`, `guild`.`createdAt`, `guild`.`updatedAt` FROM `guild` WHERE `guild`.`id` = ? LIMIT ? OFFSET ?
[2022-03-03 17:02:24] [prisma] - Params - ["948638136282546246",1,0]
[2022-03-03 17:02:24] [prisma] - Query took 0ms
[2022-03-03 17:02:24] [prisma] - --------------------------
[2022-03-03 17:03:08] [info] - Registering commands
[2022-03-03 17:03:09] [info] - Bot is ready!
[2022-03-03 17:03:35] [info] - Registering commands
[2022-03-03 17:03:35] [info] - Bot is ready!
[2022-03-03 17:03:37] [prisma] - Starting a mysql pool with 17 connections.
[2022-03-03 17:04:07] [info] - Registering commands
[2022-03-03 17:04:08] [info] - Bot is ready!
[2022-03-03 17:04:14] [prisma] - Starting a mysql pool with 17 connections.
[2022-03-03 17:04:14] [prisma] - Query Guild.findUnique took 14ms
[2022-03-03 17:05:18] [info] - Registering commands
[2022-03-03 17:05:19] [info] - Bot is ready!
[2022-03-03 17:05:20] [prisma] - Starting a mysql pool with 17 connections.
[2022-03-03 17:05:20] [prisma] - Query - GuildfindUnique took 13ms
[2022-03-03 17:05:20] [prisma] - Args - [object Object]
[2022-03-03 17:05:31] [info] - Registering commands
[2022-03-03 17:05:32] [info] - Bot is ready!
[2022-03-03 17:05:35] [prisma] - Starting a mysql pool with 17 connections.
[2022-03-03 17:05:35] [prisma] - Query - GuildfindUnique took 14ms
[2022-03-03 17:06:00] [info] - Registering commands
[2022-03-03 17:06:01] [info] - Bot is ready!
[2022-03-03 17:06:05] [prisma] - Starting a mysql pool with 17 connections.
[2022-03-03 17:06:05] [prisma] - Query - Guild.findUnique took 13ms
[2022-03-03 17:06:15] [info] - Registering commands
[2022-03-03 17:06:15] [info] - Bot is ready!
